<?xml version="1.0" encoding="UTF-8"?>
<testsuite xmlns:xsi="http://www.w3.org/2001/XMLSchema-instance" xsi:noNamespaceSchemaLocation="https://maven.apache.org/surefire/maven-surefire-plugin/xsd/surefire-test-report.xsd" name="RunCucumberTest" time="0.46" tests="5" errors="0" skipped="0" failures="0">
  <properties>
    <property name="java.specification.version" value="17"/>
    <property name="sun.cpu.isalist" value="amd64"/>
    <property name="sun.jnu.encoding" value="Cp1252"/>
    <property name="java.class.path" value="E:\Balazs\BME\AdatvezereltRendszerek\iet-hf-2023-vilagtalan-varazslok\target\test-classes;E:\Balazs\BME\AdatvezereltRendszerek\iet-hf-2023-vilagtalan-varazslok\target\classes;C:\Users\balazs\.m2\repository\io\cucumber\cucumber-java\7.12.0\cucumber-java-7.12.0.jar;C:\Users\balazs\.m2\repository\io\cucumber\cucumber-core\7.12.0\cucumber-core-7.12.0.jar;C:\Users\balazs\.m2\repository\io\cucumber\cucumber-gherkin\7.12.0\cucumber-gherkin-7.12.0.jar;C:\Users\balazs\.m2\repository\io\cucumber\cucumber-gherkin-messages\7.12.0\cucumber-gherkin-messages-7.12.0.jar;C:\Users\balazs\.m2\repository\io\cucumber\gherkin\26.2.0\gherkin-26.2.0.jar;C:\Users\balazs\.m2\repository\io\cucumber\messages\22.0.0\messages-22.0.0.jar;C:\Users\balazs\.m2\repository\io\cucumber\tag-expressions\5.0.1\tag-expressions-5.0.1.jar;C:\Users\balazs\.m2\repository\io\cucumber\cucumber-expressions\16.1.2\cucumber-expressions-16.1.2.jar;C:\Users\balazs\.m2\repository\io\cucumber\datatable\7.12.0\datatable-7.12.0.jar;C:\Users\balazs\.m2\repository\io\cucumber\cucumber-plugin\7.12.0\cucumber-plugin-7.12.0.jar;C:\Users\balazs\.m2\repository\io\cucumber\docstring\7.12.0\docstring-7.12.0.jar;C:\Users\balazs\.m2\repository\io\cucumber\html-formatter\20.3.0\html-formatter-20.3.0.jar;C:\Users\balazs\.m2\repository\io\cucumber\junit-xml-formatter\0.2.0\junit-xml-formatter-0.2.0.jar;C:\Users\balazs\.m2\repository\io\cucumber\ci-environment\9.2.0\ci-environment-9.2.0.jar;C:\Users\balazs\.m2\repository\org\apiguardian\apiguardian-api\1.1.2\apiguardian-api-1.1.2.jar;C:\Users\balazs\.m2\repository\io\cucumber\cucumber-junit-platform-engine\7.12.0\cucumber-junit-platform-engine-7.12.0.jar;C:\Users\balazs\.m2\repository\org\junit\platform\junit-platform-engine\1.9.3\junit-platform-engine-1.9.3.jar;C:\Users\balazs\.m2\repository\org\opentest4j\opentest4j\1.2.0\opentest4j-1.2.0.jar;C:\Users\balazs\.m2\repository\org\junit\platform\junit-platform-commons\1.9.3\junit-platform-commons-1.9.3.jar;C:\Users\balazs\.m2\repository\org\junit\platform\junit-platform-suite\1.9.3\junit-platform-suite-1.9.3.jar;C:\Users\balazs\.m2\repository\org\junit\platform\junit-platform-suite-api\1.9.3\junit-platform-suite-api-1.9.3.jar;C:\Users\balazs\.m2\repository\org\junit\platform\junit-platform-suite-engine\1.9.3\junit-platform-suite-engine-1.9.3.jar;C:\Users\balazs\.m2\repository\org\junit\platform\junit-platform-suite-commons\1.9.3\junit-platform-suite-commons-1.9.3.jar;C:\Users\balazs\.m2\repository\org\junit\platform\junit-platform-launcher\1.9.3\junit-platform-launcher-1.9.3.jar;C:\Users\balazs\.m2\repository\org\junit\jupiter\junit-jupiter\5.9.3\junit-jupiter-5.9.3.jar;C:\Users\balazs\.m2\repository\org\junit\jupiter\junit-jupiter-api\5.9.3\junit-jupiter-api-5.9.3.jar;C:\Users\balazs\.m2\repository\org\junit\jupiter\junit-jupiter-params\5.9.3\junit-jupiter-params-5.9.3.jar;C:\Users\balazs\.m2\repository\org\junit\jupiter\junit-jupiter-engine\5.9.3\junit-jupiter-engine-5.9.3.jar;"/>
    <property name="java.vm.vendor" value="Oracle Corporation"/>
    <property name="sun.arch.data.model" value="64"/>
    <property name="user.variant" value=""/>
    <property name="java.vendor.url" value="https://java.oracle.com/"/>
    <property name="user.timezone" value="Europe/Budapest"/>
    <property name="os.name" value="Windows 10"/>
    <property name="java.vm.specification.version" value="17"/>
    <property name="sun.java.launcher" value="SUN_STANDARD"/>
    <property name="user.country" value="GB"/>
    <property name="sun.boot.library.path" value="C:\Program Files\Java\jdk-17\bin"/>
    <property name="sun.java.command" value="C:\Users\balazs\AppData\Local\Temp\surefire8269987039088714649\surefirebooter297373979638085440.jar C:\Users\balazs\AppData\Local\Temp\surefire8269987039088714649 2023-05-25T13-41-33_669-jvmRun1 surefire11735157970463680407tmp surefire_07920245267684569479tmp"/>
    <property name="jdk.debug" value="release"/>
    <property name="surefire.test.class.path" value="E:\Balazs\BME\AdatvezereltRendszerek\iet-hf-2023-vilagtalan-varazslok\target\test-classes;E:\Balazs\BME\AdatvezereltRendszerek\iet-hf-2023-vilagtalan-varazslok\target\classes;C:\Users\balazs\.m2\repository\io\cucumber\cucumber-java\7.12.0\cucumber-java-7.12.0.jar;C:\Users\balazs\.m2\repository\io\cucumber\cucumber-core\7.12.0\cucumber-core-7.12.0.jar;C:\Users\balazs\.m2\repository\io\cucumber\cucumber-gherkin\7.12.0\cucumber-gherkin-7.12.0.jar;C:\Users\balazs\.m2\repository\io\cucumber\cucumber-gherkin-messages\7.12.0\cucumber-gherkin-messages-7.12.0.jar;C:\Users\balazs\.m2\repository\io\cucumber\gherkin\26.2.0\gherkin-26.2.0.jar;C:\Users\balazs\.m2\repository\io\cucumber\messages\22.0.0\messages-22.0.0.jar;C:\Users\balazs\.m2\repository\io\cucumber\tag-expressions\5.0.1\tag-expressions-5.0.1.jar;C:\Users\balazs\.m2\repository\io\cucumber\cucumber-expressions\16.1.2\cucumber-expressions-16.1.2.jar;C:\Users\balazs\.m2\repository\io\cucumber\datatable\7.12.0\datatable-7.12.0.jar;C:\Users\balazs\.m2\repository\io\cucumber\cucumber-plugin\7.12.0\cucumber-plugin-7.12.0.jar;C:\Users\balazs\.m2\repository\io\cucumber\docstring\7.12.0\docstring-7.12.0.jar;C:\Users\balazs\.m2\repository\io\cucumber\html-formatter\20.3.0\html-formatter-20.3.0.jar;C:\Users\balazs\.m2\repository\io\cucumber\junit-xml-formatter\0.2.0\junit-xml-formatter-0.2.0.jar;C:\Users\balazs\.m2\repository\io\cucumber\ci-environment\9.2.0\ci-environment-9.2.0.jar;C:\Users\balazs\.m2\repository\org\apiguardian\apiguardian-api\1.1.2\apiguardian-api-1.1.2.jar;C:\Users\balazs\.m2\repository\io\cucumber\cucumber-junit-platform-engine\7.12.0\cucumber-junit-platform-engine-7.12.0.jar;C:\Users\balazs\.m2\repository\org\junit\platform\junit-platform-engine\1.9.3\junit-platform-engine-1.9.3.jar;C:\Users\balazs\.m2\repository\org\opentest4j\opentest4j\1.2.0\opentest4j-1.2.0.jar;C:\Users\balazs\.m2\repository\org\junit\platform\junit-platform-commons\1.9.3\junit-platform-commons-1.9.3.jar;C:\Users\balazs\.m2\repository\org\junit\platform\junit-platform-suite\1.9.3\junit-platform-suite-1.9.3.jar;C:\Users\balazs\.m2\repository\org\junit\platform\junit-platform-suite-api\1.9.3\junit-platform-suite-api-1.9.3.jar;C:\Users\balazs\.m2\repository\org\junit\platform\junit-platform-suite-engine\1.9.3\junit-platform-suite-engine-1.9.3.jar;C:\Users\balazs\.m2\repository\org\junit\platform\junit-platform-suite-commons\1.9.3\junit-platform-suite-commons-1.9.3.jar;C:\Users\balazs\.m2\repository\org\junit\platform\junit-platform-launcher\1.9.3\junit-platform-launcher-1.9.3.jar;C:\Users\balazs\.m2\repository\org\junit\jupiter\junit-jupiter\5.9.3\junit-jupiter-5.9.3.jar;C:\Users\balazs\.m2\repository\org\junit\jupiter\junit-jupiter-api\5.9.3\junit-jupiter-api-5.9.3.jar;C:\Users\balazs\.m2\repository\org\junit\jupiter\junit-jupiter-params\5.9.3\junit-jupiter-params-5.9.3.jar;C:\Users\balazs\.m2\repository\org\junit\jupiter\junit-jupiter-engine\5.9.3\junit-jupiter-engine-5.9.3.jar;"/>
    <property name="sun.cpu.endian" value="little"/>
    <property name="user.home" value="C:\Users\balazs"/>
    <property name="user.language" value="en"/>
    <property name="java.specification.vendor" value="Oracle Corporation"/>
    <property name="java.version.date" value="2023-04-18"/>
    <property name="java.home" value="C:\Program Files\Java\jdk-17"/>
    <property name="file.separator" value="\"/>
    <property name="basedir" value="E:\Balazs\BME\AdatvezereltRendszerek\iet-hf-2023-vilagtalan-varazslok"/>
    <property name="java.vm.compressedOopsMode" value="Zero based"/>
    <property name="line.separator" value="&#10;"/>
    <property name="java.vm.specification.vendor" value="Oracle Corporation"/>
    <property name="java.specification.name" value="Java Platform API Specification"/>
    <property name="surefire.real.class.path" value="C:\Users\balazs\AppData\Local\Temp\surefire8269987039088714649\surefirebooter297373979638085440.jar"/>
    <property name="user.script" value=""/>
    <property name="sun.management.compiler" value="HotSpot 64-Bit Tiered Compilers"/>
    <property name="java.runtime.version" value="17.0.7+8-LTS-224"/>
    <property name="user.name" value="balazs"/>
    <property name="path.separator" value=";"/>
    <property name="os.version" value="10.0"/>
    <property name="java.runtime.name" value="Java(TM) SE Runtime Environment"/>
    <property name="file.encoding" value="Cp1252"/>
    <property name="java.vm.name" value="Java HotSpot(TM) 64-Bit Server VM"/>
    <property name="localRepository" value="C:\Users\balazs\.m2\repository"/>
    <property name="java.vendor.url.bug" value="https://bugreport.java.com/bugreport/"/>
    <property name="java.io.tmpdir" value="C:\Users\balazs\AppData\Local\Temp\"/>
    <property name="java.version" value="17.0.7"/>
    <property name="user.dir" value="E:\Balazs\BME\AdatvezereltRendszerek\iet-hf-2023-vilagtalan-varazslok"/>
    <property name="os.arch" value="amd64"/>
    <property name="java.vm.specification.name" value="Java Virtual Machine Specification"/>
    <property name="sun.os.patch.level" value=""/>
    <property name="native.encoding" value="Cp1252"/>
    <property name="java.library.path" value="C:\Program Files\Java\jdk-17\bin;C:\WINDOWS\Sun\Java\bin;C:\WINDOWS\system32;C:\WINDOWS;C:\Program Files\Common Files\Oracle\Java\javapath;C:\Program Files (x86)\Intel\Intel(R) Management Engine Components\iCLS\;C:\Program Files\Intel\Intel(R) Management Engine Components\iCLS\;E:\Balazs\BME\Remo\bin\;C:\Program Files (x86)\Common Files\Oracle\Java\javapath;C:\ProgramData\Oracle\Java\javapath;C:\Windows\system32;C:\Windows;C:\Windows\System32\Wbem;C:\Windows\System32\WindowsPowerShell\v1.0\;C:\Program Files (x86)\NVIDIA Corporation\PhysX\Common;C:\WINDOWS\system32;C:\WINDOWS;C:\WINDOWS\System32\Wbem;C:\WINDOWS\System32\WindowsPowerShell\v1.0\;C:\Program Files\Microsoft SQL Server\130\Tools\Binn\;C:\Program Files (x86)\GtkSharp\2.12\bin;C:\WINDOWS\System32\OpenSSH\;C:\Program Files\NVIDIA Corporation\NVIDIA NvDLISR;C:\WINDOWS\system32;C:\WINDOWS;C:\WINDOWS\System32\Wbem;C:\WINDOWS\System32\WindowsPowerShell\v1.0\;C:\WINDOWS\System32\OpenSSH\;C:\Program Files\TortoiseGit\bin;E;C:\Program Files (x86)\Intel\Intel(R) Management Engine Components\DAL;C:\Program Files\Intel\Intel(R) Management Engine Components\DAL;C:\Program Files (x86)\Intel\Intel(R) Management Engine Components\IPT;C:\Program Files\Intel\Intel(R) Management Engine Components\IPT;C:\Program Files\PuTTY\;C:\Program Files (x86)\Microsoft SQL Server\150\DTS\Binn\;C:\Program Files\Azure Data Studio\bin;E:\Balazs\nodejs\;C:\Program Files\Microsoft SQL Server\150\Tools\Binn\;E:\Balazs\BME\Prog2\Git\cmd;C:\Program Files\Microsoft SQL Server\Client SDK\ODBC\170\Tools\Binn\;C:\Program Files\dotnet\;C:\Users\balazs\AppData\Local\Microsoft\WindowsApps;C:\Users\balazs\AppData\Local\atom\bin;C:\Users\balazs\AppData\Local\Microsoft\WindowsApps;E:\MiKTeX\miktex\bin\x64\;C:\Users\balazs\AppData\Local\GitHubDesktop\bin;C:\Program Files\Azure Data Studio\bin;E:\Balazs\BME\Temalab\Microsoft VS Code\bin;C:\Users\balazs\AppData\Roaming\npm;C:\Users\balazs\.dotnet\tools;C:\Program Files\apache-maven-3.9.2\bin;;."/>
    <property name="java.vm.info" value="mixed mode, sharing"/>
    <property name="java.vendor" value="Oracle Corporation"/>
    <property name="java.vm.version" value="17.0.7+8-LTS-224"/>
    <property name="sun.io.unicode.encoding" value="UnicodeLittle"/>
    <property name="java.class.version" value="61.0"/>
  </properties>
  <testcase name="Virologist moves from a field to another" classname="ProjLabVilagtalan.RunCucumberTest" time="0.095"/>
  <testcase name="Virologist uses Forget virus on another with AntiChorea" classname="ProjLabVilagtalan.RunCucumberTest" time="0.051"/>
  <testcase name="Virologist uses Forget virus on another with AntiForget" classname="ProjLabVilagtalan.RunCucumberTest" time="0.019"/>
  <testcase name="Virologist uses Forget virus on another Virologist" classname="ProjLabVilagtalan.RunCucumberTest" time="0.004"/>
  <testcase name="Virologist uses Stun virus on another with AntiStun" classname="ProjLabVilagtalan.RunCucumberTest" time="0.007"/>
</testsuite>